Using pre-set license
Built from '2021.3/staging' branch; Version is '2021.3.3f1 (af2e63e8f9bd) revision 11480675'; Using compiler version '192829333'; Build Type 'Release'
OS: 'Windows 7  (6.1.0) 64bit Professional' Language: 'ru' Physical Memory: 8156 MB
BatchMode: 1, IsHumanControllingUs: 0, StartBugReporterOnCrash: 0, Is64bit: 1, IsPro: 1

COMMAND LINE ARGUMENTS:
D:\_ProgramFiles\Unity\2021.3.3f1\Editor\Unity.exe
-adb2
-batchMode
-noUpm
-name
AssetImportWorker0
-projectPath
D:/_Repositories/#Learning/Neural Network Learning
-logFile
Logs/AssetImportWorker0.log
-srvPort
63813
Successfully changed project path to: D:/_Repositories/#Learning/Neural Network Learning
D:/_Repositories/#Learning/Neural Network Learning
[UnityMemory] Configuration Parameters - Can be set up in boot.config
    "memorysetup-bucket-allocator-granularity=16"
    "memorysetup-bucket-allocator-bucket-count=8"
    "memorysetup-bucket-allocator-block-size=33554432"
    "memorysetup-bucket-allocator-block-count=8"
    "memorysetup-main-allocator-block-size=16777216"
    "memorysetup-thread-allocator-block-size=16777216"
    "memorysetup-gfx-main-allocator-block-size=16777216"
    "memorysetup-gfx-thread-allocator-block-size=16777216"
    "memorysetup-cache-allocator-block-size=4194304"
    "memorysetup-typetree-allocator-block-size=2097152"
    "memorysetup-profiler-bucket-allocator-granularity=16"
    "memorysetup-profiler-bucket-allocator-bucket-count=8"
    "memorysetup-profiler-bucket-allocator-block-size=33554432"
    "memorysetup-profiler-bucket-allocator-block-count=8"
    "memorysetup-profiler-allocator-block-size=16777216"
    "memorysetup-profiler-editor-allocator-block-size=1048576"
    "memorysetup-temp-allocator-size-main=16777216"
    "memorysetup-job-temp-allocator-block-size=2097152"
    "memorysetup-job-temp-allocator-block-size-background=1048576"
    "memorysetup-job-temp-allocator-reduction-small-platforms=262144"
    "memorysetup-temp-allocator-size-background-worker=32768"
    "memorysetup-temp-allocator-size-job-worker=262144"
    "memorysetup-temp-allocator-size-preload-manager=33554432"
    "memorysetup-temp-allocator-size-nav-mesh-worker=65536"
    "memorysetup-temp-allocator-size-audio-worker=65536"
    "memorysetup-temp-allocator-size-cloud-worker=32768"
    "memorysetup-temp-allocator-size-gi-baking-worker=262144"
    "memorysetup-temp-allocator-size-gfx=262144"
Refreshing native plugins compatible for Editor in 4.91 ms, found 0 plugins.
Preloading 0 native plugins for Editor in 0.00 ms.
Initialize engine version: 2021.3.3f1 (af2e63e8f9bd)
[Subsystems] Discovering subsystems at path D:/_ProgramFiles/Unity/2021.3.3f1/Editor/Data/Resources/UnitySubsystems
[Subsystems] Discovering subsystems at path D:/_Repositories/#Learning/Neural Network Learning/Assets
GfxDevice: creating device client; threaded=0; jobified=0
d3d11: CreateDXGIFactory2(...) not found, fallbacking to CreateDXGIFactory1(...).
d3d11: QueryInterface(IDXGIFactory5) failed (80004002).
Direct3D:
    Version:  Direct3D 11.0 [level 11.0]
    Renderer: NVIDIA GeForce GT 640 (ID=0xfc1)
    Vendor:   NVIDIA
    VRAM:     1979 MB
    Driver:   23.21.13.9135
Initialize mono
Mono path[0] = 'D:/_ProgramFiles/Unity/2021.3.3f1/Editor/Data/Managed'
Mono path[1] = 'D:/_ProgramFiles/Unity/2021.3.3f1/Editor/Data/MonoBleedingEdge/lib/mono/unityjit-win32'
Mono config path = 'D:/_ProgramFiles/Unity/2021.3.3f1/Editor/Data/MonoBleedingEdge/etc'
Using monoOptions --debugger-agent=transport=dt_socket,embedding=1,server=y,suspend=n,address=127.0.0.1:56568
Begin MonoManager ReloadAssembly
Registering precompiled unity dll's ...
Register platform support module: D:/_ProgramFiles/Unity/2021.3.3f1/Editor/Data/PlaybackEngines/WindowsStandaloneSupport/UnityEditor.WindowsStandalone.Extensions.dll
Registered in 0.002619 seconds.
Native extension for WindowsStandalone target not found
Refreshing native plugins compatible for Editor in 4.23 ms, found 0 plugins.
Preloading 0 native plugins for Editor in 0.00 ms.
Mono: successfully reloaded assembly
- Completed reload, in  0.694 seconds
Domain Reload Profiling:
	ReloadAssembly (695ms)
		BeginReloadAssembly (82ms)
			ExecutionOrderSort (0ms)
			DisableScriptedObjects (0ms)
			BackupInstance (0ms)
			ReleaseScriptingObjects (0ms)
			CreateAndSetChildDomain (1ms)
		EndReloadAssembly (484ms)
			LoadAssemblies (80ms)
			RebuildTransferFunctionScriptingTraits (0ms)
			SetupTypeCache (130ms)
			ReleaseScriptCaches (0ms)
			RebuildScriptCaches (44ms)
			SetupLoadedEditorAssemblies (247ms)
				LogAssemblyErrors (0ms)
				InitializePlatformSupportModulesInManaged (9ms)
				SetLoadedEditorAssemblies (0ms)
				RefreshPlugins (4ms)
				BeforeProcessingInitializeOnLoad (2ms)
				ProcessInitializeOnLoadAttributes (170ms)
				ProcessInitializeOnLoadMethodAttributes (62ms)
				AfterProcessingInitializeOnLoad (0ms)
				EditorAssembliesLoaded (0ms)
			ExecutionOrderSort2 (0ms)
			AwakeInstancesAfterBackupRestoration (0ms)
Platform modules already initialized, skipping
Registering precompiled user dll's ...
Registered in 0.000000 seconds.
Begin MonoManager ReloadAssembly
Native extension for WindowsStandalone target not found
Refreshing native plugins compatible for Editor in 0.08 ms, found 0 plugins.
Preloading 0 native plugins for Editor in 0.00 ms.
Mono: successfully reloaded assembly
- Completed reload, in  0.799 seconds
Domain Reload Profiling:
	ReloadAssembly (800ms)
		BeginReloadAssembly (126ms)
			ExecutionOrderSort (0ms)
			DisableScriptedObjects (8ms)
			BackupInstance (0ms)
			ReleaseScriptingObjects (0ms)
			CreateAndSetChildDomain (18ms)
		EndReloadAssembly (592ms)
			LoadAssemblies (65ms)
			RebuildTransferFunctionScriptingTraits (0ms)
			SetupTypeCache (134ms)
			ReleaseScriptCaches (0ms)
			RebuildScriptCaches (47ms)
			SetupLoadedEditorAssemblies (288ms)
				LogAssemblyErrors (0ms)
				InitializePlatformSupportModulesInManaged (14ms)
				SetLoadedEditorAssemblies (1ms)
				RefreshPlugins (0ms)
				BeforeProcessingInitializeOnLoad (50ms)
				ProcessInitializeOnLoadAttributes (193ms)
				ProcessInitializeOnLoadMethodAttributes (26ms)
				AfterProcessingInitializeOnLoad (3ms)
				EditorAssembliesLoaded (0ms)
			ExecutionOrderSort2 (0ms)
			AwakeInstancesAfterBackupRestoration (6ms)
Platform modules already initialized, skipping
========================================================================
Worker process is ready to serve import requests
Launched and connected shader compiler UnityShaderCompiler.exe after 0.04 seconds
Refreshing native plugins compatible for Editor in 0.07 ms, found 0 plugins.
Preloading 0 native plugins for Editor in 0.00 ms.
Unloading 291 Unused Serialized files (Serialized files now loaded: 0)
Unloading 2 unused Assets / (56.1 KB). Loaded Objects now: 783.
Memory consumption went from 50.0 MB to 50.0 MB.
Total: 3.028914 ms (FindLiveObjects: 0.077936 ms CreateObjectMapping: 0.015074 ms MarkObjects: 2.859572 ms  DeleteObjects: 0.075049 ms)

AssetImportParameters requested are different than current active one (requested -> active):
  custom:video-decoder-ogg-theora: a1e56fd34408186e4bbccfd4996cb3dc -> 
  custom:container-muxer-webm: aa71ff27fc2769a1b78a27578f13a17b -> 
  custom:container-demuxer-webm: 4f35f7cbe854078d1ac9338744f61a02 -> 
  custom:video-encoder-webm-vp8: eb34c28f22e8b96e1ab97ce403110664 -> 
  custom:audio-encoder-webm-vorbis: bf7c407c2cedff20999df2af8eb42d56 -> 
  custom:framework-win-MediaFoundation: 216162199b28c13a410421893ffa2e32 -> 
  custom:container-demuxer-ogg: 62fdf1f143b41e24485cea50d1cbac27 -> 
  custom:video-decoder-webm-vp8: 9c59270c3fd7afecdb556c50c9e8de78 -> 
  custom:audio-decoder-ogg-vorbis: bf7c407c2cedff20999df2af8eb42d56 -> 
========================================================================
Received Prepare
Registering precompiled user dll's ...
Registered in 0.000000 seconds.
Begin MonoManager ReloadAssembly
Native extension for WindowsStandalone target not found
Refreshing native plugins compatible for Editor in 0.07 ms, found 0 plugins.
Preloading 0 native plugins for Editor in 0.00 ms.
Mono: successfully reloaded assembly
- Completed reload, in  0.808 seconds
Domain Reload Profiling:
	ReloadAssembly (808ms)
		BeginReloadAssembly (119ms)
			ExecutionOrderSort (0ms)
			DisableScriptedObjects (9ms)
			BackupInstance (0ms)
			ReleaseScriptingObjects (0ms)
			CreateAndSetChildDomain (18ms)
		EndReloadAssembly (608ms)
			LoadAssemblies (66ms)
			RebuildTransferFunctionScriptingTraits (0ms)
			SetupTypeCache (150ms)
			ReleaseScriptCaches (0ms)
			RebuildScriptCaches (45ms)
			SetupLoadedEditorAssemblies (288ms)
				LogAssemblyErrors (0ms)
				InitializePlatformSupportModulesInManaged (14ms)
				SetLoadedEditorAssemblies (1ms)
				RefreshPlugins (0ms)
				BeforeProcessingInitializeOnLoad (39ms)
				ProcessInitializeOnLoadAttributes (203ms)
				ProcessInitializeOnLoadMethodAttributes (28ms)
				AfterProcessingInitializeOnLoad (3ms)
				EditorAssembliesLoaded (0ms)
			ExecutionOrderSort2 (0ms)
			AwakeInstancesAfterBackupRestoration (6ms)
Platform modules already initialized, skipping
Refreshing native plugins compatible for Editor in 0.08 ms, found 0 plugins.
Preloading 0 native plugins for Editor in 0.00 ms.
Unloading 286 Unused Serialized files (Serialized files now loaded: 0)
Unloading 0 unused Assets / (24.6 KB). Loaded Objects now: 783.
Memory consumption went from 49.8 MB to 49.8 MB.
Total: 4.636060 ms (FindLiveObjects: 0.089161 ms CreateObjectMapping: 0.017319 ms MarkObjects: 4.521883 ms  DeleteObjects: 0.006094 ms)

AssetImportParameters requested are different than current active one (requested -> active):
  custom:video-decoder-ogg-theora: a1e56fd34408186e4bbccfd4996cb3dc -> 
  custom:container-muxer-webm: aa71ff27fc2769a1b78a27578f13a17b -> 
  custom:container-demuxer-webm: 4f35f7cbe854078d1ac9338744f61a02 -> 
  custom:video-encoder-webm-vp8: eb34c28f22e8b96e1ab97ce403110664 -> 
  custom:audio-encoder-webm-vorbis: bf7c407c2cedff20999df2af8eb42d56 -> 
  custom:framework-win-MediaFoundation: 216162199b28c13a410421893ffa2e32 -> 
  custom:container-demuxer-ogg: 62fdf1f143b41e24485cea50d1cbac27 -> 
  custom:video-decoder-webm-vp8: 9c59270c3fd7afecdb556c50c9e8de78 -> 
  custom:audio-decoder-ogg-vorbis: bf7c407c2cedff20999df2af8eb42d56 -> 
========================================================================
Received Import Request.
  Time since last request: 943047.936276 seconds.
  path: Assets/App/Session/Scene/Runtime.unity
  artifactKey: Guid(6e87b61f7a7eb2c489d428634f98493e) Importer(815301076,1909f56bfc062723c751e8b465ee728b)
Start importing Assets/App/Session/Scene/Runtime.unity using Guid(6e87b61f7a7eb2c489d428634f98493e) Importer(815301076,1909f56bfc062723c751e8b465ee728b)  -> (artifact id: '176400794ff24fa012a22a506471b61b') in 0.111995 seconds 
========================================================================
Received Prepare
Registering precompiled user dll's ...
Registered in 0.000000 seconds.
Begin MonoManager ReloadAssembly
Native extension for WindowsStandalone target not found
Refreshing native plugins compatible for Editor in 0.07 ms, found 0 plugins.
Preloading 0 native plugins for Editor in 0.00 ms.
Mono: successfully reloaded assembly
- Completed reload, in  0.806 seconds
Domain Reload Profiling:
	ReloadAssembly (807ms)
		BeginReloadAssembly (119ms)
			ExecutionOrderSort (0ms)
			DisableScriptedObjects (9ms)
			BackupInstance (0ms)
			ReleaseScriptingObjects (0ms)
			CreateAndSetChildDomain (20ms)
		EndReloadAssembly (605ms)
			LoadAssemblies (65ms)
			RebuildTransferFunctionScriptingTraits (0ms)
			SetupTypeCache (133ms)
			ReleaseScriptCaches (0ms)
			RebuildScriptCaches (46ms)
			SetupLoadedEditorAssemblies (297ms)
				LogAssemblyErrors (0ms)
				InitializePlatformSupportModulesInManaged (16ms)
				SetLoadedEditorAssemblies (1ms)
				RefreshPlugins (0ms)
				BeforeProcessingInitializeOnLoad (45ms)
				ProcessInitializeOnLoadAttributes (204ms)
				ProcessInitializeOnLoadMethodAttributes (27ms)
				AfterProcessingInitializeOnLoad (3ms)
				EditorAssembliesLoaded (0ms)
			ExecutionOrderSort2 (0ms)
			AwakeInstancesAfterBackupRestoration (6ms)
Platform modules already initialized, skipping
Refreshing native plugins compatible for Editor in 0.07 ms, found 0 plugins.
Preloading 0 native plugins for Editor in 0.00 ms.
Unloading 286 Unused Serialized files (Serialized files now loaded: 0)
Unloading 0 unused Assets / (24.6 KB). Loaded Objects now: 783.
Memory consumption went from 49.8 MB to 49.8 MB.
Total: 2.581825 ms (FindLiveObjects: 0.068635 ms CreateObjectMapping: 0.014112 ms MarkObjects: 2.492664 ms  DeleteObjects: 0.005452 ms)

AssetImportParameters requested are different than current active one (requested -> active):
  custom:video-decoder-ogg-theora: a1e56fd34408186e4bbccfd4996cb3dc -> 
  custom:container-muxer-webm: aa71ff27fc2769a1b78a27578f13a17b -> 
  custom:container-demuxer-webm: 4f35f7cbe854078d1ac9338744f61a02 -> 
  custom:video-encoder-webm-vp8: eb34c28f22e8b96e1ab97ce403110664 -> 
  custom:audio-encoder-webm-vorbis: bf7c407c2cedff20999df2af8eb42d56 -> 
  custom:framework-win-MediaFoundation: 216162199b28c13a410421893ffa2e32 -> 
  custom:container-demuxer-ogg: 62fdf1f143b41e24485cea50d1cbac27 -> 
  custom:video-decoder-webm-vp8: 9c59270c3fd7afecdb556c50c9e8de78 -> 
  custom:audio-decoder-ogg-vorbis: bf7c407c2cedff20999df2af8eb42d56 -> 
========================================================================
Received Import Request.
  Time since last request: 319.200715 seconds.
  path: Assets/App/#Core/Model/Basic/ModelLoadable.cs
  artifactKey: Guid(639011a19b54439469465b2e0d8541c7) Importer(815301076,1909f56bfc062723c751e8b465ee728b)
Start importing Assets/App/#Core/Model/Basic/ModelLoadable.cs using Guid(639011a19b54439469465b2e0d8541c7) Importer(815301076,1909f56bfc062723c751e8b465ee728b)  -> (artifact id: '718241f525fe3e5e8dea166d4419c9e3') in 0.116957 seconds 
========================================================================
Received Import Request.
  Time since last request: 9.802213 seconds.
  path: Assets/App/#Core/Model/Basic/ModelConfigurable.cs
  artifactKey: Guid(79cc88a9c8e5c664bb9c4336aa977376) Importer(815301076,1909f56bfc062723c751e8b465ee728b)
Start importing Assets/App/#Core/Model/Basic/ModelConfigurable.cs using Guid(79cc88a9c8e5c664bb9c4336aa977376) Importer(815301076,1909f56bfc062723c751e8b465ee728b)  -> (artifact id: 'e71a9ae83c937db3a1ce7b9f4fa63897') in 0.001711 seconds 
========================================================================
Received Import Request.
  Time since last request: 2.377221 seconds.
  path: Assets/App/#Core/Model/Basic/ModelCacheable.cs
  artifactKey: Guid(554e5627801ad774c975dbdabb30592c) Importer(815301076,1909f56bfc062723c751e8b465ee728b)
Start importing Assets/App/#Core/Model/Basic/ModelCacheable.cs using Guid(554e5627801ad774c975dbdabb30592c) Importer(815301076,1909f56bfc062723c751e8b465ee728b)  -> (artifact id: 'a15322054f5dc9f3b6193ae6826052ef') in 0.001058 seconds 
========================================================================
Received Import Request.
  Time since last request: 507.417802 seconds.
  path: Assets/App/#Core/Model/AConfigurableOnAwake.cs
  artifactKey: Guid(5b64acbb19ecb344ba7d3666e5a07990) Importer(815301076,1909f56bfc062723c751e8b465ee728b)
Start importing Assets/App/#Core/Model/AConfigurableOnAwake.cs using Guid(5b64acbb19ecb344ba7d3666e5a07990) Importer(815301076,1909f56bfc062723c751e8b465ee728b)  -> (artifact id: '967841ea76bf37522ca27f01312f5203') in 0.002022 seconds 
========================================================================
Received Import Request.
  Time since last request: 5.187653 seconds.
  path: Assets/App/#Core/Model/ModelController.cs
  artifactKey: Guid(0fa59326d8b7f09488fa82ec576a753f) Importer(815301076,1909f56bfc062723c751e8b465ee728b)
Start importing Assets/App/#Core/Model/ModelController.cs using Guid(0fa59326d8b7f09488fa82ec576a753f) Importer(815301076,1909f56bfc062723c751e8b465ee728b)  -> (artifact id: '6cae87c00b7ea91df44a064c98225eb9') in 0.001711 seconds 
========================================================================
Received Import Request.
  Time since last request: 761.698917 seconds.
  path: Assets/App/#Core/Cache/Cache.cs
  artifactKey: Guid(bf650778ecb9ac94ab531788e3b44b77) Importer(815301076,1909f56bfc062723c751e8b465ee728b)
Start importing Assets/App/#Core/Cache/Cache.cs using Guid(bf650778ecb9ac94ab531788e3b44b77) Importer(815301076,1909f56bfc062723c751e8b465ee728b)  -> (artifact id: 'a73aaea3dc3e0ee650013c0336ac7814') in 0.001967 seconds 
